Plugins:
Bundled analyzers:
  - Python Code Quality and Security 3.24.1.11916 (python)
  - Go Code Quality and Security 1.11.0.3905 (go)
  - JaCoCo 1.3.0.1538 (jacoco)
  - Kotlin Code Quality and Security 2.12.0.1956 (kotlin)
  - IaC Code Quality and Security 1.11.0.2847 (iac)
  - JavaScript/TypeScript/CSS Code Quality and Security 9.13.0.20537 (javascript)
  - Ruby Code Quality and Security 1.11.0.3905 (ruby)
  - Scala Code Quality and Security 1.11.0.3905 (sonarscala)
  - C# Code Quality and Security 8.51.0.59060 (csharp)
  - Java Code Quality and Security 7.16.0.30901 (java)
  - HTML Code Quality and Security 3.7.1.3306 (web)
  - Flex Code Quality and Security 2.8.0.3166 (flex)
  - XML Code Quality and Security 2.7.0.3820 (xml)
  - PHP Code Quality and Security 3.27.1.9352 (php)
  - Text Code Quality and Security 2.0.2.1090 (text)
  - VB.NET Code Quality and Security 8.51.0.59060 (vbnet)
  - Configuration detection fot Code Quality and Security 1.2.0.267 (config)
Global server settings:
  - sonar.core.id=147B411E-AY6rzw2m9K-ApSrGrIag
  - sonar.core.startTime=2024-04-05T01:10:55+0000
  - sonar.forceAuthentication=true
Project server settings:
Project scanner properties:
  - sonar.dynamicAnalysis=reuseReports
  - sonar.host.url=http://localhost:9000
  - sonar.jacoco.reportPath=/Users/elliotcerda/IdeaProjects/spring-micro-services/../target/jacoco.exec
  - sonar.java.coveragePlugin=jacoco
  - sonar.java.libraries=/Users/elliotcerda/.m2/repository/org/jacoco/jacoco-maven-plugin/0.8.6/jacoco-maven-plugin-0.8.6.jar,/Users/elliotcerda/.m2/repository/org/apache/maven/maven-plugin-api/3.0/maven-plugin-api-3.0.jar,/Users/elliotcerda/.m2/repository/org/apache/maven/maven-model/3.0/maven-model-3.0.jar,/Users/elliotcerda/.m2/repository/org/apache/maven/maven-artifact/3.0/maven-artifact-3.0.jar,/Users/elliotcerda/.m2/repository/org/sonatype/sisu/sisu-inject-plexus/1.4.2/sisu-inject-plexus-1.4.2.jar,/Users/elliotcerda/.m2/repository/org/sonatype/sisu/sisu-inject-bean/1.4.2/sisu-inject-bean-1.4.2.jar,/Users/elliotcerda/.m2/repository/org/sonatype/sisu/sisu-guice/2.1.7/sisu-guice-2.1.7-noaop.jar,/Users/elliotcerda/.m2/repository/org/apache/maven/maven-core/3.0/maven-core-3.0.jar,/Users/elliotcerda/.m2/repository/org/apache/maven/maven-settings/3.0/maven-settings-3.0.jar,/Users/elliotcerda/.m2/repository/org/apache/maven/maven-settings-builder/3.0/maven-settings-builder-3.0.jar,/Users/elliotcerda/.m2/repos...
  - sonar.java.test.libraries=/Users/elliotcerda/.m2/repository/org/jacoco/jacoco-maven-plugin/0.8.6/jacoco-maven-plugin-0.8.6.jar,/Users/elliotcerda/.m2/repository/org/apache/maven/maven-plugin-api/3.0/maven-plugin-api-3.0.jar,/Users/elliotcerda/.m2/repository/org/apache/maven/maven-model/3.0/maven-model-3.0.jar,/Users/elliotcerda/.m2/repository/org/apache/maven/maven-artifact/3.0/maven-artifact-3.0.jar,/Users/elliotcerda/.m2/repository/org/sonatype/sisu/sisu-inject-plexus/1.4.2/sisu-inject-plexus-1.4.2.jar,/Users/elliotcerda/.m2/repository/org/sonatype/sisu/sisu-inject-bean/1.4.2/sisu-inject-bean-1.4.2.jar,/Users/elliotcerda/.m2/repository/org/sonatype/sisu/sisu-guice/2.1.7/sisu-guice-2.1.7-noaop.jar,/Users/elliotcerda/.m2/repository/org/apache/maven/maven-core/3.0/maven-core-3.0.jar,/Users/elliotcerda/.m2/repository/org/apache/maven/maven-settings/3.0/maven-settings-3.0.jar,/Users/elliotcerda/.m2/repository/org/apache/maven/maven-settings-builder/3.0/maven-settings-builder-3.0.jar,/Users/elliotcerda/.m2/repos...
  - sonar.language=java
  - sonar.libraries=/Users/elliotcerda/.m2/repository/org/jacoco/jacoco-maven-plugin/0.8.6/jacoco-maven-plugin-0.8.6.jar,/Users/elliotcerda/.m2/repository/org/apache/maven/maven-plugin-api/3.0/maven-plugin-api-3.0.jar,/Users/elliotcerda/.m2/repository/org/apache/maven/maven-model/3.0/maven-model-3.0.jar,/Users/elliotcerda/.m2/repository/org/apache/maven/maven-artifact/3.0/maven-artifact-3.0.jar,/Users/elliotcerda/.m2/repository/org/sonatype/sisu/sisu-inject-plexus/1.4.2/sisu-inject-plexus-1.4.2.jar,/Users/elliotcerda/.m2/repository/org/sonatype/sisu/sisu-inject-bean/1.4.2/sisu-inject-bean-1.4.2.jar,/Users/elliotcerda/.m2/repository/org/sonatype/sisu/sisu-guice/2.1.7/sisu-guice-2.1.7-noaop.jar,/Users/elliotcerda/.m2/repository/org/apache/maven/maven-core/3.0/maven-core-3.0.jar,/Users/elliotcerda/.m2/repository/org/apache/maven/maven-settings/3.0/maven-settings-3.0.jar,/Users/elliotcerda/.m2/repository/org/apache/maven/maven-settings-builder/3.0/maven-settings-builder-3.0.jar,/Users/elliotcerda/.m2/repos...
  - sonar.links.ci=
  - sonar.links.homepage=
  - sonar.links.issue=
  - sonar.links.scm=
  - sonar.links.scm_dev=
  - sonar.login=******
  - sonar.moduleKey=org.elliot:spring-micro-services
  - sonar.modules=com.elliot.microservices:api-gateway,com.elliot.microservices:currency-conversion-service,com.elliot.microservices:currency-exchange-service,com.elliot.microservices:limit-service,com.elliot.microservices:netflix-eureka-naming-service,com.elliot.microservices:spring-cloud-config-service
  - sonar.projectBaseDir=/Users/elliotcerda/IdeaProjects/spring-micro-services
  - sonar.projectBuildDir=/Users/elliotcerda/IdeaProjects/spring-micro-services/target
  - sonar.projectKey=org.elliot:spring-micro-services
  - sonar.projectName=Springmicroservices
  - sonar.projectVersion=1.0
  - sonar.projectkey=springmicroservices
  - sonar.scanner.app=ScannerMaven
  - sonar.scanner.appVersion=3.11.0.3922/3.8.6
  - sonar.sourceEncoding=UTF-8
  - sonar.sources=/Users/elliotcerda/IdeaProjects/spring-micro-services/pom.xml
  - sonar.url=http://localhost:9000
  - sonar.verbose=true
  - sonar.working.directory=/Users/elliotcerda/IdeaProjects/spring-micro-services/target/sonar
Scanner properties of module: com.elliot.microservices:api-gateway
  - sonar.binaries=/Users/elliotcerda/IdeaProjects/spring-micro-services/api-gateway/target/classes
  - sonar.groovy.binaries=/Users/elliotcerda/IdeaProjects/spring-micro-services/api-gateway/target/classes
  - sonar.jacoco.reportPath=/Users/elliotcerda/IdeaProjects/spring-micro-services/api-gateway/../target/jacoco.exec
  - sonar.java.binaries=/Users/elliotcerda/IdeaProjects/spring-micro-services/api-gateway/target/classes
  - sonar.java.enablePreview=false
  - sonar.java.jdkHome=/Users/elliotcerda/Library/Java/JavaVirtualMachines/openjdk-22/Contents/Home
  - sonar.java.libraries=/Users/elliotcerda/.m2/repository/org/jacoco/jacoco-maven-plugin/0.8.6/jacoco-maven-plugin-0.8.6.jar,/Users/elliotcerda/.m2/repository/org/apache/maven/maven-plugin-api/3.0/maven-plugin-api-3.0.jar,/Users/elliotcerda/.m2/repository/org/apache/maven/maven-model/3.0/maven-model-3.0.jar,/Users/elliotcerda/.m2/repository/org/apache/maven/maven-artifact/3.0/maven-artifact-3.0.jar,/Users/elliotcerda/.m2/repository/org/sonatype/sisu/sisu-inject-plexus/1.4.2/sisu-inject-plexus-1.4.2.jar,/Users/elliotcerda/.m2/repository/org/sonatype/sisu/sisu-inject-bean/1.4.2/sisu-inject-bean-1.4.2.jar,/Users/elliotcerda/.m2/repository/org/sonatype/sisu/sisu-guice/2.1.7/sisu-guice-2.1.7-noaop.jar,/Users/elliotcerda/.m2/repository/org/apache/maven/maven-core/3.0/maven-core-3.0.jar,/Users/elliotcerda/.m2/repository/org/apache/maven/maven-settings/3.0/maven-settings-3.0.jar,/Users/elliotcerda/.m2/repository/org/apache/maven/maven-settings-builder/3.0/maven-settings-builder-3.0.jar,/Users/elliotcerda/.m2/repos...
  - sonar.java.source=17
  - sonar.java.target=17
  - sonar.java.test.binaries=/Users/elliotcerda/IdeaProjects/spring-micro-services/api-gateway/target/test-classes
  - sonar.java.test.libraries=/Users/elliotcerda/IdeaProjects/spring-micro-services/api-gateway/target/classes,/Users/elliotcerda/.m2/repository/org/jacoco/jacoco-maven-plugin/0.8.6/jacoco-maven-plugin-0.8.6.jar,/Users/elliotcerda/.m2/repository/org/apache/maven/maven-plugin-api/3.0/maven-plugin-api-3.0.jar,/Users/elliotcerda/.m2/repository/org/apache/maven/maven-model/3.0/maven-model-3.0.jar,/Users/elliotcerda/.m2/repository/org/apache/maven/maven-artifact/3.0/maven-artifact-3.0.jar,/Users/elliotcerda/.m2/repository/org/sonatype/sisu/sisu-inject-plexus/1.4.2/sisu-inject-plexus-1.4.2.jar,/Users/elliotcerda/.m2/repository/org/sonatype/sisu/sisu-inject-bean/1.4.2/sisu-inject-bean-1.4.2.jar,/Users/elliotcerda/.m2/repository/org/sonatype/sisu/sisu-guice/2.1.7/sisu-guice-2.1.7-noaop.jar,/Users/elliotcerda/.m2/repository/org/apache/maven/maven-core/3.0/maven-core-3.0.jar,/Users/elliotcerda/.m2/repository/org/apache/maven/maven-settings/3.0/maven-settings-3.0.jar,/Users/elliotcerda/.m2/repository/org/apache/maven/maven...
  - sonar.junit.reportPaths=/Users/elliotcerda/IdeaProjects/spring-micro-services/api-gateway/target/surefire-reports
  - sonar.junit.reportsPath=/Users/elliotcerda/IdeaProjects/spring-micro-services/api-gateway/target/surefire-reports
  - sonar.libraries=/Users/elliotcerda/.m2/repository/org/jacoco/jacoco-maven-plugin/0.8.6/jacoco-maven-plugin-0.8.6.jar,/Users/elliotcerda/.m2/repository/org/apache/maven/maven-plugin-api/3.0/maven-plugin-api-3.0.jar,/Users/elliotcerda/.m2/repository/org/apache/maven/maven-model/3.0/maven-model-3.0.jar,/Users/elliotcerda/.m2/repository/org/apache/maven/maven-artifact/3.0/maven-artifact-3.0.jar,/Users/elliotcerda/.m2/repository/org/sonatype/sisu/sisu-inject-plexus/1.4.2/sisu-inject-plexus-1.4.2.jar,/Users/elliotcerda/.m2/repository/org/sonatype/sisu/sisu-inject-bean/1.4.2/sisu-inject-bean-1.4.2.jar,/Users/elliotcerda/.m2/repository/org/sonatype/sisu/sisu-guice/2.1.7/sisu-guice-2.1.7-noaop.jar,/Users/elliotcerda/.m2/repository/org/apache/maven/maven-core/3.0/maven-core-3.0.jar,/Users/elliotcerda/.m2/repository/org/apache/maven/maven-settings/3.0/maven-settings-3.0.jar,/Users/elliotcerda/.m2/repository/org/apache/maven/maven-settings-builder/3.0/maven-settings-builder-3.0.jar,/Users/elliotcerda/.m2/repos...
  - sonar.links.homepage=https://spring.io/projects/spring-boot/api-gateway
  - sonar.links.scm=https://github.com/spring-projects/spring-boot/api-gateway
  - sonar.moduleKey=com.elliot.microservices:api-gateway
  - sonar.projectBaseDir=/Users/elliotcerda/IdeaProjects/spring-micro-services/api-gateway
  - sonar.projectBuildDir=/Users/elliotcerda/IdeaProjects/spring-micro-services/api-gateway/target
  - sonar.projectDescription=Demo project for Spring Boot
  - sonar.projectKey=com.elliot.microservices:api-gateway
  - sonar.projectVersion=0.0.1-SNAPSHOT
  - sonar.sources=/Users/elliotcerda/IdeaProjects/spring-micro-services/api-gateway/pom.xml,/Users/elliotcerda/IdeaProjects/spring-micro-services/api-gateway/src/main/java
  - sonar.tests=/Users/elliotcerda/IdeaProjects/spring-micro-services/api-gateway/src/test/java
  - sonar.working.directory=/Users/elliotcerda/IdeaProjects/spring-micro-services/api-gateway/target/sonar
Scanner properties of module: com.elliot.microservices:limit-service
  - sonar.binaries=/Users/elliotcerda/IdeaProjects/spring-micro-services/limit-service/target/classes
  - sonar.groovy.binaries=/Users/elliotcerda/IdeaProjects/spring-micro-services/limit-service/target/classes
  - sonar.java.binaries=/Users/elliotcerda/IdeaProjects/spring-micro-services/limit-service/target/classes
  - sonar.java.enablePreview=false
  - sonar.java.jdkHome=/Users/elliotcerda/Library/Java/JavaVirtualMachines/openjdk-22/Contents/Home
  - sonar.java.libraries=/Users/elliotcerda/.m2/repository/org/springframework/boot/spring-boot-starter-actuator/3.2.0/spring-boot-starter-actuator-3.2.0.jar,/Users/elliotcerda/.m2/repository/org/springframework/boot/spring-boot-starter/3.2.0/spring-boot-starter-3.2.0.jar,/Users/elliotcerda/.m2/repository/org/springframework/boot/spring-boot-starter-logging/3.2.0/spring-boot-starter-logging-3.2.0.jar,/Users/elliotcerda/.m2/repository/ch/qos/logback/logback-classic/1.4.11/logback-classic-1.4.11.jar,/Users/elliotcerda/.m2/repository/ch/qos/logback/logback-core/1.4.11/logback-core-1.4.11.jar,/Users/elliotcerda/.m2/repository/org/apache/logging/log4j/log4j-to-slf4j/2.21.1/log4j-to-slf4j-2.21.1.jar,/Users/elliotcerda/.m2/repository/org/apache/logging/log4j/log4j-api/2.21.1/log4j-api-2.21.1.jar,/Users/elliotcerda/.m2/repository/org/slf4j/jul-to-slf4j/2.0.9/jul-to-slf4j-2.0.9.jar,/Users/elliotcerda/.m2/repository/jakarta/annotation/jakarta.annotation-api/2.1.1/jakarta.annotation-api-2.1.1.jar,/Users/elliotcerda/.m...
  - sonar.java.source=17
  - sonar.java.target=17
  - sonar.java.test.binaries=/Users/elliotcerda/IdeaProjects/spring-micro-services/limit-service/target/test-classes
  - sonar.java.test.libraries=/Users/elliotcerda/IdeaProjects/spring-micro-services/limit-service/target/classes,/Users/elliotcerda/.m2/repository/org/springframework/boot/spring-boot-starter-actuator/3.2.0/spring-boot-starter-actuator-3.2.0.jar,/Users/elliotcerda/.m2/repository/org/springframework/boot/spring-boot-starter/3.2.0/spring-boot-starter-3.2.0.jar,/Users/elliotcerda/.m2/repository/org/springframework/boot/spring-boot-starter-logging/3.2.0/spring-boot-starter-logging-3.2.0.jar,/Users/elliotcerda/.m2/repository/ch/qos/logback/logback-classic/1.4.11/logback-classic-1.4.11.jar,/Users/elliotcerda/.m2/repository/ch/qos/logback/logback-core/1.4.11/logback-core-1.4.11.jar,/Users/elliotcerda/.m2/repository/org/apache/logging/log4j/log4j-to-slf4j/2.21.1/log4j-to-slf4j-2.21.1.jar,/Users/elliotcerda/.m2/repository/org/apache/logging/log4j/log4j-api/2.21.1/log4j-api-2.21.1.jar,/Users/elliotcerda/.m2/repository/org/slf4j/jul-to-slf4j/2.0.9/jul-to-slf4j-2.0.9.jar,/Users/elliotcerda/.m2/repository/jakarta/annotation/...
  - sonar.junit.reportPaths=/Users/elliotcerda/IdeaProjects/spring-micro-services/limit-service/target/surefire-reports
  - sonar.junit.reportsPath=/Users/elliotcerda/IdeaProjects/spring-micro-services/limit-service/target/surefire-reports
  - sonar.libraries=/Users/elliotcerda/.m2/repository/org/springframework/boot/spring-boot-starter-actuator/3.2.0/spring-boot-starter-actuator-3.2.0.jar,/Users/elliotcerda/.m2/repository/org/springframework/boot/spring-boot-starter/3.2.0/spring-boot-starter-3.2.0.jar,/Users/elliotcerda/.m2/repository/org/springframework/boot/spring-boot-starter-logging/3.2.0/spring-boot-starter-logging-3.2.0.jar,/Users/elliotcerda/.m2/repository/ch/qos/logback/logback-classic/1.4.11/logback-classic-1.4.11.jar,/Users/elliotcerda/.m2/repository/ch/qos/logback/logback-core/1.4.11/logback-core-1.4.11.jar,/Users/elliotcerda/.m2/repository/org/apache/logging/log4j/log4j-to-slf4j/2.21.1/log4j-to-slf4j-2.21.1.jar,/Users/elliotcerda/.m2/repository/org/apache/logging/log4j/log4j-api/2.21.1/log4j-api-2.21.1.jar,/Users/elliotcerda/.m2/repository/org/slf4j/jul-to-slf4j/2.0.9/jul-to-slf4j-2.0.9.jar,/Users/elliotcerda/.m2/repository/jakarta/annotation/jakarta.annotation-api/2.1.1/jakarta.annotation-api-2.1.1.jar,/Users/elliotcerda/.m...
  - sonar.links.homepage=https://spring.io/projects/spring-boot/limit-service
  - sonar.links.scm=https://github.com/spring-projects/spring-boot/limit-service
  - sonar.moduleKey=com.elliot.microservices:limit-service
  - sonar.projectBaseDir=/Users/elliotcerda/IdeaProjects/spring-micro-services/limit-service
  - sonar.projectBuildDir=/Users/elliotcerda/IdeaProjects/spring-micro-services/limit-service/target
  - sonar.projectDescription=Limit service
  - sonar.projectKey=com.elliot.microservices:limit-service
  - sonar.projectVersion=0.0.1-SNAPSHOT
  - sonar.sources=/Users/elliotcerda/IdeaProjects/spring-micro-services/limit-service/pom.xml,/Users/elliotcerda/IdeaProjects/spring-micro-services/limit-service/src/main/java
  - sonar.tests=/Users/elliotcerda/IdeaProjects/spring-micro-services/limit-service/src/test/java
  - sonar.working.directory=/Users/elliotcerda/IdeaProjects/spring-micro-services/limit-service/target/sonar
Scanner properties of module: com.elliot.microservices:currency-conversion-service
  - sonar.binaries=/Users/elliotcerda/IdeaProjects/spring-micro-services/currency-conversion-service/target/classes
  - sonar.groovy.binaries=/Users/elliotcerda/IdeaProjects/spring-micro-services/currency-conversion-service/target/classes
  - sonar.java.binaries=/Users/elliotcerda/IdeaProjects/spring-micro-services/currency-conversion-service/target/classes
  - sonar.java.enablePreview=false
  - sonar.java.jdkHome=/Users/elliotcerda/Library/Java/JavaVirtualMachines/openjdk-22/Contents/Home
  - sonar.java.libraries=/Users/elliotcerda/.m2/repository/org/springframework/boot/spring-boot-starter-actuator/3.2.3/spring-boot-starter-actuator-3.2.3.jar,/Users/elliotcerda/.m2/repository/org/springframework/boot/spring-boot-starter/3.2.3/spring-boot-starter-3.2.3.jar,/Users/elliotcerda/.m2/repository/org/springframework/boot/spring-boot-starter-logging/3.2.3/spring-boot-starter-logging-3.2.3.jar,/Users/elliotcerda/.m2/repository/ch/qos/logback/logback-classic/1.4.14/logback-classic-1.4.14.jar,/Users/elliotcerda/.m2/repository/ch/qos/logback/logback-core/1.4.14/logback-core-1.4.14.jar,/Users/elliotcerda/.m2/repository/org/apache/logging/log4j/log4j-to-slf4j/2.21.1/log4j-to-slf4j-2.21.1.jar,/Users/elliotcerda/.m2/repository/org/apache/logging/log4j/log4j-api/2.21.1/log4j-api-2.21.1.jar,/Users/elliotcerda/.m2/repository/org/slf4j/jul-to-slf4j/2.0.12/jul-to-slf4j-2.0.12.jar,/Users/elliotcerda/.m2/repository/jakarta/annotation/jakarta.annotation-api/2.1.1/jakarta.annotation-api-2.1.1.jar,/Users/elliotcerda/...
  - sonar.java.source=17
  - sonar.java.target=17
  - sonar.java.test.binaries=/Users/elliotcerda/IdeaProjects/spring-micro-services/currency-conversion-service/target/test-classes
  - sonar.java.test.libraries=/Users/elliotcerda/IdeaProjects/spring-micro-services/currency-conversion-service/target/classes,/Users/elliotcerda/.m2/repository/org/springframework/boot/spring-boot-starter-actuator/3.2.3/spring-boot-starter-actuator-3.2.3.jar,/Users/elliotcerda/.m2/repository/org/springframework/boot/spring-boot-starter/3.2.3/spring-boot-starter-3.2.3.jar,/Users/elliotcerda/.m2/repository/org/springframework/boot/spring-boot-starter-logging/3.2.3/spring-boot-starter-logging-3.2.3.jar,/Users/elliotcerda/.m2/repository/ch/qos/logback/logback-classic/1.4.14/logback-classic-1.4.14.jar,/Users/elliotcerda/.m2/repository/ch/qos/logback/logback-core/1.4.14/logback-core-1.4.14.jar,/Users/elliotcerda/.m2/repository/org/apache/logging/log4j/log4j-to-slf4j/2.21.1/log4j-to-slf4j-2.21.1.jar,/Users/elliotcerda/.m2/repository/org/apache/logging/log4j/log4j-api/2.21.1/log4j-api-2.21.1.jar,/Users/elliotcerda/.m2/repository/org/slf4j/jul-to-slf4j/2.0.12/jul-to-slf4j-2.0.12.jar,/Users/elliotcerda/.m2/repository/jak...
  - sonar.junit.reportPaths=/Users/elliotcerda/IdeaProjects/spring-micro-services/currency-conversion-service/target/surefire-reports
  - sonar.junit.reportsPath=/Users/elliotcerda/IdeaProjects/spring-micro-services/currency-conversion-service/target/surefire-reports
  - sonar.libraries=/Users/elliotcerda/.m2/repository/org/springframework/boot/spring-boot-starter-actuator/3.2.3/spring-boot-starter-actuator-3.2.3.jar,/Users/elliotcerda/.m2/repository/org/springframework/boot/spring-boot-starter/3.2.3/spring-boot-starter-3.2.3.jar,/Users/elliotcerda/.m2/repository/org/springframework/boot/spring-boot-starter-logging/3.2.3/spring-boot-starter-logging-3.2.3.jar,/Users/elliotcerda/.m2/repository/ch/qos/logback/logback-classic/1.4.14/logback-classic-1.4.14.jar,/Users/elliotcerda/.m2/repository/ch/qos/logback/logback-core/1.4.14/logback-core-1.4.14.jar,/Users/elliotcerda/.m2/repository/org/apache/logging/log4j/log4j-to-slf4j/2.21.1/log4j-to-slf4j-2.21.1.jar,/Users/elliotcerda/.m2/repository/org/apache/logging/log4j/log4j-api/2.21.1/log4j-api-2.21.1.jar,/Users/elliotcerda/.m2/repository/org/slf4j/jul-to-slf4j/2.0.12/jul-to-slf4j-2.0.12.jar,/Users/elliotcerda/.m2/repository/jakarta/annotation/jakarta.annotation-api/2.1.1/jakarta.annotation-api-2.1.1.jar,/Users/elliotcerda/...
  - sonar.links.homepage=https://spring.io/projects/spring-boot/currency-conversion-service
  - sonar.links.scm=https://github.com/spring-projects/spring-boot/currency-conversion-service
  - sonar.moduleKey=com.elliot.microservices:currency-conversion-service
  - sonar.projectBaseDir=/Users/elliotcerda/IdeaProjects/spring-micro-services/currency-conversion-service
  - sonar.projectBuildDir=/Users/elliotcerda/IdeaProjects/spring-micro-services/currency-conversion-service/target
  - sonar.projectDescription=Demo project for Spring Boot
  - sonar.projectKey=com.elliot.microservices:currency-conversion-service
  - sonar.projectVersion=0.0.1-SNAPSHOT
  - sonar.sources=/Users/elliotcerda/IdeaProjects/spring-micro-services/currency-conversion-service/pom.xml,/Users/elliotcerda/IdeaProjects/spring-micro-services/currency-conversion-service/src/main/java
  - sonar.tests=/Users/elliotcerda/IdeaProjects/spring-micro-services/currency-conversion-service/src/test/java
  - sonar.working.directory=/Users/elliotcerda/IdeaProjects/spring-micro-services/currency-conversion-service/target/sonar
Scanner properties of module: com.elliot.microservices:spring-cloud-config-service
  - sonar.binaries=/Users/elliotcerda/IdeaProjects/spring-micro-services/spring-cloud-config-service/target/classes
  - sonar.groovy.binaries=/Users/elliotcerda/IdeaProjects/spring-micro-services/spring-cloud-config-service/target/classes
  - sonar.java.binaries=/Users/elliotcerda/IdeaProjects/spring-micro-services/spring-cloud-config-service/target/classes
  - sonar.java.enablePreview=false
  - sonar.java.jdkHome=/Users/elliotcerda/Library/Java/JavaVirtualMachines/openjdk-22/Contents/Home
  - sonar.java.libraries=/Users/elliotcerda/.m2/repository/org/springframework/cloud/spring-cloud-config-server/4.1.0/spring-cloud-config-server-4.1.0.jar,/Users/elliotcerda/.m2/repository/org/springframework/cloud/spring-cloud-config-client/4.1.0/spring-cloud-config-client-4.1.0.jar,/Users/elliotcerda/.m2/repository/org/springframework/cloud/spring-cloud-commons/4.1.0/spring-cloud-commons-4.1.0.jar,/Users/elliotcerda/.m2/repository/org/springframework/cloud/spring-cloud-context/4.1.0/spring-cloud-context-4.1.0.jar,/Users/elliotcerda/.m2/repository/org/springframework/spring-web/6.1.4/spring-web-6.1.4.jar,/Users/elliotcerda/.m2/repository/org/springframework/spring-beans/6.1.4/spring-beans-6.1.4.jar,/Users/elliotcerda/.m2/repository/com/fasterxml/jackson/core/jackson-annotations/2.15.4/jackson-annotations-2.15.4.jar,/Users/elliotcerda/.m2/repository/com/fasterxml/jackson/core/jackson-databind/2.15.4/jackson-databind-2.15.4.jar,/Users/elliotcerda/.m2/repository/io/micrometer/micrometer-observation/1.12.3/mic...
  - sonar.java.source=17
  - sonar.java.target=17
  - sonar.java.test.binaries=/Users/elliotcerda/IdeaProjects/spring-micro-services/spring-cloud-config-service/target/test-classes
  - sonar.java.test.libraries=/Users/elliotcerda/IdeaProjects/spring-micro-services/spring-cloud-config-service/target/classes,/Users/elliotcerda/.m2/repository/org/springframework/cloud/spring-cloud-config-server/4.1.0/spring-cloud-config-server-4.1.0.jar,/Users/elliotcerda/.m2/repository/org/springframework/cloud/spring-cloud-config-client/4.1.0/spring-cloud-config-client-4.1.0.jar,/Users/elliotcerda/.m2/repository/org/springframework/cloud/spring-cloud-commons/4.1.0/spring-cloud-commons-4.1.0.jar,/Users/elliotcerda/.m2/repository/org/springframework/cloud/spring-cloud-context/4.1.0/spring-cloud-context-4.1.0.jar,/Users/elliotcerda/.m2/repository/org/springframework/spring-web/6.1.4/spring-web-6.1.4.jar,/Users/elliotcerda/.m2/repository/org/springframework/spring-beans/6.1.4/spring-beans-6.1.4.jar,/Users/elliotcerda/.m2/repository/com/fasterxml/jackson/core/jackson-annotations/2.15.4/jackson-annotations-2.15.4.jar,/Users/elliotcerda/.m2/repository/com/fasterxml/jackson/core/jackson-databind/2.15.4/jackson-data...
  - sonar.junit.reportPaths=/Users/elliotcerda/IdeaProjects/spring-micro-services/spring-cloud-config-service/target/surefire-reports
  - sonar.junit.reportsPath=/Users/elliotcerda/IdeaProjects/spring-micro-services/spring-cloud-config-service/target/surefire-reports
  - sonar.libraries=/Users/elliotcerda/.m2/repository/org/springframework/cloud/spring-cloud-config-server/4.1.0/spring-cloud-config-server-4.1.0.jar,/Users/elliotcerda/.m2/repository/org/springframework/cloud/spring-cloud-config-client/4.1.0/spring-cloud-config-client-4.1.0.jar,/Users/elliotcerda/.m2/repository/org/springframework/cloud/spring-cloud-commons/4.1.0/spring-cloud-commons-4.1.0.jar,/Users/elliotcerda/.m2/repository/org/springframework/cloud/spring-cloud-context/4.1.0/spring-cloud-context-4.1.0.jar,/Users/elliotcerda/.m2/repository/org/springframework/spring-web/6.1.4/spring-web-6.1.4.jar,/Users/elliotcerda/.m2/repository/org/springframework/spring-beans/6.1.4/spring-beans-6.1.4.jar,/Users/elliotcerda/.m2/repository/com/fasterxml/jackson/core/jackson-annotations/2.15.4/jackson-annotations-2.15.4.jar,/Users/elliotcerda/.m2/repository/com/fasterxml/jackson/core/jackson-databind/2.15.4/jackson-databind-2.15.4.jar,/Users/elliotcerda/.m2/repository/io/micrometer/micrometer-observation/1.12.3/mic...
  - sonar.links.homepage=https://spring.io/projects/spring-boot/spring-cloud-config-service
  - sonar.links.scm=https://github.com/spring-projects/spring-boot/spring-cloud-config-service
  - sonar.moduleKey=com.elliot.microservices:spring-cloud-config-service
  - sonar.projectBaseDir=/Users/elliotcerda/IdeaProjects/spring-micro-services/spring-cloud-config-service
  - sonar.projectBuildDir=/Users/elliotcerda/IdeaProjects/spring-micro-services/spring-cloud-config-service/target
  - sonar.projectDescription=Demo project for Spring Boot
  - sonar.projectKey=com.elliot.microservices:spring-cloud-config-service
  - sonar.projectVersion=0.0.1-SNAPSHOT
  - sonar.sources=/Users/elliotcerda/IdeaProjects/spring-micro-services/spring-cloud-config-service/pom.xml,/Users/elliotcerda/IdeaProjects/spring-micro-services/spring-cloud-config-service/src/main/java
  - sonar.tests=/Users/elliotcerda/IdeaProjects/spring-micro-services/spring-cloud-config-service/src/test/java
  - sonar.working.directory=/Users/elliotcerda/IdeaProjects/spring-micro-services/spring-cloud-config-service/target/sonar
Scanner properties of module: com.elliot.microservices:netflix-eureka-naming-service
  - sonar.binaries=/Users/elliotcerda/IdeaProjects/spring-micro-services/netflix-eureka-naming-service/target/classes
  - sonar.groovy.binaries=/Users/elliotcerda/IdeaProjects/spring-micro-services/netflix-eureka-naming-service/target/classes
  - sonar.java.binaries=/Users/elliotcerda/IdeaProjects/spring-micro-services/netflix-eureka-naming-service/target/classes
  - sonar.java.enablePreview=false
  - sonar.java.jdkHome=/Users/elliotcerda/Library/Java/JavaVirtualMachines/openjdk-22/Contents/Home
  - sonar.java.libraries=/Users/elliotcerda/.m2/repository/org/springframework/boot/spring-boot-starter-actuator/3.2.3/spring-boot-starter-actuator-3.2.3.jar,/Users/elliotcerda/.m2/repository/org/springframework/boot/spring-boot-starter/3.2.3/spring-boot-starter-3.2.3.jar,/Users/elliotcerda/.m2/repository/org/springframework/boot/spring-boot-starter-logging/3.2.3/spring-boot-starter-logging-3.2.3.jar,/Users/elliotcerda/.m2/repository/ch/qos/logback/logback-classic/1.4.14/logback-classic-1.4.14.jar,/Users/elliotcerda/.m2/repository/ch/qos/logback/logback-core/1.4.14/logback-core-1.4.14.jar,/Users/elliotcerda/.m2/repository/org/apache/logging/log4j/log4j-to-slf4j/2.21.1/log4j-to-slf4j-2.21.1.jar,/Users/elliotcerda/.m2/repository/org/apache/logging/log4j/log4j-api/2.21.1/log4j-api-2.21.1.jar,/Users/elliotcerda/.m2/repository/org/slf4j/jul-to-slf4j/2.0.12/jul-to-slf4j-2.0.12.jar,/Users/elliotcerda/.m2/repository/jakarta/annotation/jakarta.annotation-api/2.1.1/jakarta.annotation-api-2.1.1.jar,/Users/elliotcerda/...
  - sonar.java.source=17
  - sonar.java.target=17
  - sonar.java.test.binaries=/Users/elliotcerda/IdeaProjects/spring-micro-services/netflix-eureka-naming-service/target/test-classes
  - sonar.java.test.libraries=/Users/elliotcerda/IdeaProjects/spring-micro-services/netflix-eureka-naming-service/target/classes,/Users/elliotcerda/.m2/repository/org/springframework/boot/spring-boot-starter-actuator/3.2.3/spring-boot-starter-actuator-3.2.3.jar,/Users/elliotcerda/.m2/repository/org/springframework/boot/spring-boot-starter/3.2.3/spring-boot-starter-3.2.3.jar,/Users/elliotcerda/.m2/repository/org/springframework/boot/spring-boot-starter-logging/3.2.3/spring-boot-starter-logging-3.2.3.jar,/Users/elliotcerda/.m2/repository/ch/qos/logback/logback-classic/1.4.14/logback-classic-1.4.14.jar,/Users/elliotcerda/.m2/repository/ch/qos/logback/logback-core/1.4.14/logback-core-1.4.14.jar,/Users/elliotcerda/.m2/repository/org/apache/logging/log4j/log4j-to-slf4j/2.21.1/log4j-to-slf4j-2.21.1.jar,/Users/elliotcerda/.m2/repository/org/apache/logging/log4j/log4j-api/2.21.1/log4j-api-2.21.1.jar,/Users/elliotcerda/.m2/repository/org/slf4j/jul-to-slf4j/2.0.12/jul-to-slf4j-2.0.12.jar,/Users/elliotcerda/.m2/repository/j...
  - sonar.junit.reportPaths=/Users/elliotcerda/IdeaProjects/spring-micro-services/netflix-eureka-naming-service/target/surefire-reports
  - sonar.junit.reportsPath=/Users/elliotcerda/IdeaProjects/spring-micro-services/netflix-eureka-naming-service/target/surefire-reports
  - sonar.libraries=/Users/elliotcerda/.m2/repository/org/springframework/boot/spring-boot-starter-actuator/3.2.3/spring-boot-starter-actuator-3.2.3.jar,/Users/elliotcerda/.m2/repository/org/springframework/boot/spring-boot-starter/3.2.3/spring-boot-starter-3.2.3.jar,/Users/elliotcerda/.m2/repository/org/springframework/boot/spring-boot-starter-logging/3.2.3/spring-boot-starter-logging-3.2.3.jar,/Users/elliotcerda/.m2/repository/ch/qos/logback/logback-classic/1.4.14/logback-classic-1.4.14.jar,/Users/elliotcerda/.m2/repository/ch/qos/logback/logback-core/1.4.14/logback-core-1.4.14.jar,/Users/elliotcerda/.m2/repository/org/apache/logging/log4j/log4j-to-slf4j/2.21.1/log4j-to-slf4j-2.21.1.jar,/Users/elliotcerda/.m2/repository/org/apache/logging/log4j/log4j-api/2.21.1/log4j-api-2.21.1.jar,/Users/elliotcerda/.m2/repository/org/slf4j/jul-to-slf4j/2.0.12/jul-to-slf4j-2.0.12.jar,/Users/elliotcerda/.m2/repository/jakarta/annotation/jakarta.annotation-api/2.1.1/jakarta.annotation-api-2.1.1.jar,/Users/elliotcerda/...
  - sonar.links.homepage=https://spring.io/projects/spring-boot/netflix-eureka-naming-service
  - sonar.links.scm=https://github.com/spring-projects/spring-boot/netflix-eureka-naming-service
  - sonar.moduleKey=com.elliot.microservices:netflix-eureka-naming-service
  - sonar.projectBaseDir=/Users/elliotcerda/IdeaProjects/spring-micro-services/netflix-eureka-naming-service
  - sonar.projectBuildDir=/Users/elliotcerda/IdeaProjects/spring-micro-services/netflix-eureka-naming-service/target
  - sonar.projectDescription=Demo project for Spring Boot
  - sonar.projectKey=com.elliot.microservices:netflix-eureka-naming-service
  - sonar.projectVersion=0.0.1-SNAPSHOT
  - sonar.sources=/Users/elliotcerda/IdeaProjects/spring-micro-services/netflix-eureka-naming-service/pom.xml,/Users/elliotcerda/IdeaProjects/spring-micro-services/netflix-eureka-naming-service/src/main/java
  - sonar.tests=/Users/elliotcerda/IdeaProjects/spring-micro-services/netflix-eureka-naming-service/src/test/java
  - sonar.working.directory=/Users/elliotcerda/IdeaProjects/spring-micro-services/netflix-eureka-naming-service/target/sonar
Scanner properties of module: com.elliot.microservices:currency-exchange-service
  - sonar.binaries=/Users/elliotcerda/IdeaProjects/spring-micro-services/currency-exchange-service/target/classes
  - sonar.groovy.binaries=/Users/elliotcerda/IdeaProjects/spring-micro-services/currency-exchange-service/target/classes
  - sonar.java.binaries=/Users/elliotcerda/IdeaProjects/spring-micro-services/currency-exchange-service/target/classes
  - sonar.java.enablePreview=false
  - sonar.java.jdkHome=/Users/elliotcerda/Library/Java/JavaVirtualMachines/openjdk-22/Contents/Home
  - sonar.java.libraries=/Users/elliotcerda/.m2/repository/org/springframework/boot/spring-boot-starter-actuator/3.2.0/spring-boot-starter-actuator-3.2.0.jar,/Users/elliotcerda/.m2/repository/org/springframework/boot/spring-boot-starter/3.2.0/spring-boot-starter-3.2.0.jar,/Users/elliotcerda/.m2/repository/org/springframework/boot/spring-boot-starter-logging/3.2.0/spring-boot-starter-logging-3.2.0.jar,/Users/elliotcerda/.m2/repository/ch/qos/logback/logback-classic/1.4.11/logback-classic-1.4.11.jar,/Users/elliotcerda/.m2/repository/ch/qos/logback/logback-core/1.4.11/logback-core-1.4.11.jar,/Users/elliotcerda/.m2/repository/org/apache/logging/log4j/log4j-to-slf4j/2.21.1/log4j-to-slf4j-2.21.1.jar,/Users/elliotcerda/.m2/repository/org/apache/logging/log4j/log4j-api/2.21.1/log4j-api-2.21.1.jar,/Users/elliotcerda/.m2/repository/org/slf4j/jul-to-slf4j/2.0.9/jul-to-slf4j-2.0.9.jar,/Users/elliotcerda/.m2/repository/jakarta/annotation/jakarta.annotation-api/2.1.1/jakarta.annotation-api-2.1.1.jar,/Users/elliotcerda/.m...
  - sonar.java.source=17
  - sonar.java.target=17
  - sonar.java.test.binaries=/Users/elliotcerda/IdeaProjects/spring-micro-services/currency-exchange-service/target/test-classes
  - sonar.java.test.libraries=/Users/elliotcerda/IdeaProjects/spring-micro-services/currency-exchange-service/target/classes,/Users/elliotcerda/.m2/repository/org/springframework/boot/spring-boot-starter-actuator/3.2.0/spring-boot-starter-actuator-3.2.0.jar,/Users/elliotcerda/.m2/repository/org/springframework/boot/spring-boot-starter/3.2.0/spring-boot-starter-3.2.0.jar,/Users/elliotcerda/.m2/repository/org/springframework/boot/spring-boot-starter-logging/3.2.0/spring-boot-starter-logging-3.2.0.jar,/Users/elliotcerda/.m2/repository/ch/qos/logback/logback-classic/1.4.11/logback-classic-1.4.11.jar,/Users/elliotcerda/.m2/repository/ch/qos/logback/logback-core/1.4.11/logback-core-1.4.11.jar,/Users/elliotcerda/.m2/repository/org/apache/logging/log4j/log4j-to-slf4j/2.21.1/log4j-to-slf4j-2.21.1.jar,/Users/elliotcerda/.m2/repository/org/apache/logging/log4j/log4j-api/2.21.1/log4j-api-2.21.1.jar,/Users/elliotcerda/.m2/repository/org/slf4j/jul-to-slf4j/2.0.9/jul-to-slf4j-2.0.9.jar,/Users/elliotcerda/.m2/repository/jakarta...
  - sonar.junit.reportPaths=/Users/elliotcerda/IdeaProjects/spring-micro-services/currency-exchange-service/target/surefire-reports
  - sonar.junit.reportsPath=/Users/elliotcerda/IdeaProjects/spring-micro-services/currency-exchange-service/target/surefire-reports
  - sonar.libraries=/Users/elliotcerda/.m2/repository/org/springframework/boot/spring-boot-starter-actuator/3.2.0/spring-boot-starter-actuator-3.2.0.jar,/Users/elliotcerda/.m2/repository/org/springframework/boot/spring-boot-starter/3.2.0/spring-boot-starter-3.2.0.jar,/Users/elliotcerda/.m2/repository/org/springframework/boot/spring-boot-starter-logging/3.2.0/spring-boot-starter-logging-3.2.0.jar,/Users/elliotcerda/.m2/repository/ch/qos/logback/logback-classic/1.4.11/logback-classic-1.4.11.jar,/Users/elliotcerda/.m2/repository/ch/qos/logback/logback-core/1.4.11/logback-core-1.4.11.jar,/Users/elliotcerda/.m2/repository/org/apache/logging/log4j/log4j-to-slf4j/2.21.1/log4j-to-slf4j-2.21.1.jar,/Users/elliotcerda/.m2/repository/org/apache/logging/log4j/log4j-api/2.21.1/log4j-api-2.21.1.jar,/Users/elliotcerda/.m2/repository/org/slf4j/jul-to-slf4j/2.0.9/jul-to-slf4j-2.0.9.jar,/Users/elliotcerda/.m2/repository/jakarta/annotation/jakarta.annotation-api/2.1.1/jakarta.annotation-api-2.1.1.jar,/Users/elliotcerda/.m...
  - sonar.links.homepage=https://spring.io/projects/spring-boot/currency-exchange-service
  - sonar.links.scm=https://github.com/spring-projects/spring-boot/currency-exchange-service
  - sonar.moduleKey=com.elliot.microservices:currency-exchange-service
  - sonar.projectBaseDir=/Users/elliotcerda/IdeaProjects/spring-micro-services/currency-exchange-service
  - sonar.projectBuildDir=/Users/elliotcerda/IdeaProjects/spring-micro-services/currency-exchange-service/target
  - sonar.projectDescription=Currency exchange service
  - sonar.projectKey=com.elliot.microservices:currency-exchange-service
  - sonar.projectVersion=0.0.1-SNAPSHOT
  - sonar.sources=/Users/elliotcerda/IdeaProjects/spring-micro-services/currency-exchange-service/pom.xml,/Users/elliotcerda/IdeaProjects/spring-micro-services/currency-exchange-service/src/main/java
  - sonar.tests=/Users/elliotcerda/IdeaProjects/spring-micro-services/currency-exchange-service/src/test/java
  - sonar.working.directory=/Users/elliotcerda/IdeaProjects/spring-micro-services/currency-exchange-service/target/sonar
